{"/Users/emmy/Desktop/Bake@Dome/frontend/src/components/Cart.jsx": {"path":"/Users/emmy/Desktop/Bake@Dome/frontend/src/components/Cart.jsx","statementMap":{"0":{"start":{"line":7,"column":13},"end":{"line":94,"column":1}},"1":{"start":{"line":8,"column":33},"end":{"line":8,"column":72}},"2":{"start":{"line":8,"column":54},"end":{"line":8,"column":71}},"3":{"start":{"line":9,"column":36},"end":{"line":9,"column":47}},"4":{"start":{"line":13,"column":23},"end":{"line":13,"column":36}},"5":{"start":{"line":15,"column":30},"end":{"line":17,"column":7}},"6":{"start":{"line":16,"column":8},"end":{"line":16,"column":31}},"7":{"start":{"line":20,"column":28},"end":{"line":25,"column":7}},"8":{"start":{"line":21,"column":8},"end":{"line":24,"column":11}},"9":{"start":{"line":26,"column":31},"end":{"line":31,"column":5}},"10":{"start":{"line":27,"column":8},"end":{"line":30,"column":11}},"11":{"start":{"line":33,"column":29},"end":{"line":40,"column":5}},"12":{"start":{"line":34,"column":8},"end":{"line":39,"column":9}},"13":{"start":{"line":35,"column":12},"end":{"line":38,"column":15}},"14":{"start":{"line":42,"column":6},"end":{"line":46,"column":20}},"15":{"start":{"line":43,"column":19},"end":{"line":43,"column":20}},"16":{"start":{"line":44,"column":8},"end":{"line":44,"column":89}},"17":{"start":{"line":44,"column":40},"end":{"line":44,"column":86}},"18":{"start":{"line":45,"column":8},"end":{"line":45,"column":26}},"19":{"start":{"line":49,"column":2},"end":{"line":93,"column":3}},"20":{"start":{"line":65,"column":24},"end":{"line":89,"column":30}},"21":{"start":{"line":72,"column":126},"end":{"line":72,"column":154}},"22":{"start":{"line":73,"column":134},"end":{"line":73,"column":159}},"23":{"start":{"line":74,"column":135},"end":{"line":74,"column":160}}},"fnMap":{"0":{"name":"(anonymous_0)","decl":{"start":{"line":7,"column":13},"end":{"line":7,"column":14}},"loc":{"start":{"line":7,"column":19},"end":{"line":94,"column":1}},"line":7},"1":{"name":"(anonymous_1)","decl":{"start":{"line":8,"column":45},"end":{"line":8,"column":46}},"loc":{"start":{"line":8,"column":54},"end":{"line":8,"column":71}},"line":8},"2":{"name":"(anonymous_2)","decl":{"start":{"line":15,"column":30},"end":{"line":15,"column":31}},"loc":{"start":{"line":15,"column":36},"end":{"line":17,"column":7}},"line":15},"3":{"name":"(anonymous_3)","decl":{"start":{"line":20,"column":28},"end":{"line":20,"column":29}},"loc":{"start":{"line":20,"column":39},"end":{"line":25,"column":7}},"line":20},"4":{"name":"(anonymous_4)","decl":{"start":{"line":26,"column":31},"end":{"line":26,"column":32}},"loc":{"start":{"line":26,"column":43},"end":{"line":31,"column":5}},"line":26},"5":{"name":"(anonymous_5)","decl":{"start":{"line":33,"column":29},"end":{"line":33,"column":30}},"loc":{"start":{"line":33,"column":41},"end":{"line":40,"column":5}},"line":33},"6":{"name":"(anonymous_6)","decl":{"start":{"line":42,"column":16},"end":{"line":42,"column":17}},"loc":{"start":{"line":42,"column":22},"end":{"line":46,"column":5}},"line":42},"7":{"name":"(anonymous_7)","decl":{"start":{"line":44,"column":26},"end":{"line":44,"column":27}},"loc":{"start":{"line":44,"column":40},"end":{"line":44,"column":86}},"line":44},"8":{"name":"(anonymous_8)","decl":{"start":{"line":64,"column":31},"end":{"line":64,"column":32}},"loc":{"start":{"line":65,"column":24},"end":{"line":89,"column":30}},"line":65},"9":{"name":"(anonymous_9)","decl":{"start":{"line":72,"column":120},"end":{"line":72,"column":121}},"loc":{"start":{"line":72,"column":126},"end":{"line":72,"column":154}},"line":72},"10":{"name":"(anonymous_10)","decl":{"start":{"line":73,"column":128},"end":{"line":73,"column":129}},"loc":{"start":{"line":73,"column":134},"end":{"line":73,"column":159}},"line":73},"11":{"name":"(anonymous_11)","decl":{"start":{"line":74,"column":129},"end":{"line":74,"column":130}},"loc":{"start":{"line":74,"column":135},"end":{"line":74,"column":160}},"line":74}},"branchMap":{"0":{"loc":{"start":{"line":34,"column":8},"end":{"line":39,"column":9}},"type":"if","locations":[{"start":{"line":34,"column":8},"end":{"line":39,"column":9}},{"start":{},"end":{}}],"line":34}},"s":{"0":1,"1":0,"2":0,"3":0,"4":0,"5":0,"6":0,"7":0,"8":0,"9":0,"10":0,"11":0,"12":0,"13":0,"14":0,"15":0,"16":0,"17":0,"18":0,"19":0,"20":0,"21":0,"22":0,"23":0},"f":{"0":0,"1":0,"2":0,"3":0,"4":0,"5":0,"6":0,"7":0,"8":0,"9":0,"10":0,"11":0},"b":{"0":[0,0]},"_coverageSchema":"1a1c01bbd47fc00a2c39e90264f33305004495a9","hash":"ea4a385e2dbcfddcc6361d573e28d3eb2b4fb1a0"}
,"/Users/emmy/Desktop/Bake@Dome/frontend/src/components/Layout.jsx": {"path":"/Users/emmy/Desktop/Bake@Dome/frontend/src/components/Layout.jsx","statementMap":{"0":{"start":{"line":18,"column":35},"end":{"line":18,"column":41}},"1":{"start":{"line":20,"column":18},"end":{"line":84,"column":1}},"2":{"start":{"line":21,"column":31},"end":{"line":21,"column":70}},"3":{"start":{"line":21,"column":52},"end":{"line":21,"column":69}},"4":{"start":{"line":23,"column":36},"end":{"line":23,"column":51}},"5":{"start":{"line":24,"column":19},"end":{"line":24,"column":32}},"6":{"start":{"line":26,"column":17},"end":{"line":28,"column":3}},"7":{"start":{"line":27,"column":4},"end":{"line":27,"column":29}},"8":{"start":{"line":30,"column":2},"end":{"line":32,"column":18}},"9":{"start":{"line":31,"column":4},"end":{"line":31,"column":64}},"10":{"start":{"line":36,"column":2},"end":{"line":83,"column":4}},"11":{"start":{"line":43,"column":68},"end":{"line":43,"column":87}},"12":{"start":{"line":63,"column":79},"end":{"line":63,"column":111}},"13":{"start":{"line":63,"column":112},"end":{"line":63,"column":131}}},"fnMap":{"0":{"name":"(anonymous_0)","decl":{"start":{"line":20,"column":18},"end":{"line":20,"column":19}},"loc":{"start":{"line":20,"column":34},"end":{"line":84,"column":1}},"line":20},"1":{"name":"(anonymous_1)","decl":{"start":{"line":21,"column":43},"end":{"line":21,"column":44}},"loc":{"start":{"line":21,"column":52},"end":{"line":21,"column":69}},"line":21},"2":{"name":"(anonymous_2)","decl":{"start":{"line":26,"column":17},"end":{"line":26,"column":18}},"loc":{"start":{"line":26,"column":23},"end":{"line":28,"column":3}},"line":26},"3":{"name":"(anonymous_3)","decl":{"start":{"line":30,"column":12},"end":{"line":30,"column":13}},"loc":{"start":{"line":30,"column":18},"end":{"line":32,"column":3}},"line":30},"4":{"name":"(anonymous_4)","decl":{"start":{"line":43,"column":57},"end":{"line":43,"column":58}},"loc":{"start":{"line":43,"column":68},"end":{"line":43,"column":87}},"line":43},"5":{"name":"(anonymous_5)","decl":{"start":{"line":63,"column":72},"end":{"line":63,"column":73}},"loc":{"start":{"line":63,"column":78},"end":{"line":63,"column":132}},"line":63}},"branchMap":{"0":{"loc":{"start":{"line":77,"column":11},"end":{"line":77,"column":43}},"type":"cond-expr","locations":[{"start":{"line":77,"column":21},"end":{"line":77,"column":32}},{"start":{"line":77,"column":35},"end":{"line":77,"column":43}}],"line":77}},"s":{"0":1,"1":1,"2":0,"3":0,"4":0,"5":0,"6":0,"7":0,"8":0,"9":0,"10":0,"11":0,"12":0,"13":0},"f":{"0":0,"1":0,"2":0,"3":0,"4":0,"5":0},"b":{"0":[0,0]},"_coverageSchema":"1a1c01bbd47fc00a2c39e90264f33305004495a9","hash":"85bb14330a081352b4c9af8077eb9ba927dd122c"}
,"/Users/emmy/Desktop/Bake@Dome/frontend/src/components/Product.jsx": {"path":"/Users/emmy/Desktop/Bake@Dome/frontend/src/components/Product.jsx","statementMap":{"0":{"start":{"line":5,"column":16},"end":{"line":28,"column":1}},"1":{"start":{"line":6,"column":19},"end":{"line":6,"column":32}},"2":{"start":{"line":7,"column":19},"end":{"line":7,"column":23}},"3":{"start":{"line":9,"column":24},"end":{"line":14,"column":3}},"4":{"start":{"line":10,"column":4},"end":{"line":13,"column":6}},"5":{"start":{"line":16,"column":2},"end":{"line":27,"column":3}},"6":{"start":{"line":23,"column":41},"end":{"line":23,"column":56}}},"fnMap":{"0":{"name":"(anonymous_0)","decl":{"start":{"line":5,"column":16},"end":{"line":5,"column":17}},"loc":{"start":{"line":5,"column":31},"end":{"line":28,"column":1}},"line":5},"1":{"name":"(anonymous_1)","decl":{"start":{"line":9,"column":24},"end":{"line":9,"column":25}},"loc":{"start":{"line":9,"column":30},"end":{"line":14,"column":3}},"line":9},"2":{"name":"(anonymous_2)","decl":{"start":{"line":23,"column":35},"end":{"line":23,"column":36}},"loc":{"start":{"line":23,"column":41},"end":{"line":23,"column":56}},"line":23}},"branchMap":{},"s":{"0":1,"1":0,"2":0,"3":0,"4":0,"5":0,"6":0},"f":{"0":0,"1":0,"2":0},"b":{},"_coverageSchema":"1a1c01bbd47fc00a2c39e90264f33305004495a9","hash":"eb1aaaf44749ba31cfcc1e4e7b487dfab095a8a6"}
,"/Users/emmy/Desktop/Bake@Dome/frontend/src/components/Spinner.jsx": {"path":"/Users/emmy/Desktop/Bake@Dome/frontend/src/components/Spinner.jsx","statementMap":{"0":{"start":{"line":3,"column":16},"end":{"line":7,"column":1}},"1":{"start":{"line":4,"column":2},"end":{"line":6,"column":3}}},"fnMap":{"0":{"name":"(anonymous_0)","decl":{"start":{"line":3,"column":16},"end":{"line":3,"column":17}},"loc":{"start":{"line":3,"column":22},"end":{"line":7,"column":1}},"line":3}},"branchMap":{},"s":{"0":1,"1":0},"f":{"0":0},"b":{},"_coverageSchema":"1a1c01bbd47fc00a2c39e90264f33305004495a9","hash":"32a1ee855889603071cb76634ea122caca51dedc"}
,"/Users/emmy/Desktop/Bake@Dome/frontend/src/pages/home/Home.jsx": {"path":"/Users/emmy/Desktop/Bake@Dome/frontend/src/pages/home/Home.jsx","statementMap":{"0":{"start":{"line":12,"column":13},"end":{"line":120,"column":1}},"1":{"start":{"line":14,"column":19},"end":{"line":14,"column":32}},"2":{"start":{"line":16,"column":40},"end":{"line":16,"column":52}},"3":{"start":{"line":17,"column":50},"end":{"line":17,"column":62}},"4":{"start":{"line":19,"column":32},"end":{"line":19,"column":44}},"5":{"start":{"line":21,"column":2},"end":{"line":41,"column":17}},"6":{"start":{"line":22,"column":27},"end":{"line":38,"column":7}},"7":{"start":{"line":23,"column":8},"end":{"line":37,"column":9}},"8":{"start":{"line":24,"column":10},"end":{"line":26,"column":13}},"9":{"start":{"line":27,"column":25},"end":{"line":27,"column":90}},"10":{"start":{"line":28,"column":10},"end":{"line":28,"column":31}},"11":{"start":{"line":30,"column":10},"end":{"line":32,"column":13}},"12":{"start":{"line":36,"column":10},"end":{"line":36,"column":29}},"13":{"start":{"line":40,"column":6},"end":{"line":40,"column":23}},"14":{"start":{"line":46,"column":25},"end":{"line":49,"column":3}},"15":{"start":{"line":47,"column":4},"end":{"line":47,"column":27}},"16":{"start":{"line":48,"column":4},"end":{"line":48,"column":19}},"17":{"start":{"line":51,"column":21},"end":{"line":51,"column":27}},"18":{"start":{"line":53,"column":4},"end":{"line":63,"column":13}},"19":{"start":{"line":53,"column":78},"end":{"line":53,"column":95}},"20":{"start":{"line":67,"column":4},"end":{"line":88,"column":5}},"21":{"start":{"line":69,"column":8},"end":{"line":69,"column":27}},"22":{"start":{"line":71,"column":8},"end":{"line":71,"column":80}},"23":{"start":{"line":71,"column":44},"end":{"line":71,"column":78}},"24":{"start":{"line":73,"column":8},"end":{"line":73,"column":76}},"25":{"start":{"line":73,"column":47},"end":{"line":73,"column":74}},"26":{"start":{"line":75,"column":8},"end":{"line":75,"column":78}},"27":{"start":{"line":75,"column":47},"end":{"line":75,"column":76}},"28":{"start":{"line":77,"column":8},"end":{"line":77,"column":78}},"29":{"start":{"line":77,"column":47},"end":{"line":77,"column":76}},"30":{"start":{"line":79,"column":8},"end":{"line":79,"column":77}},"31":{"start":{"line":79,"column":47},"end":{"line":79,"column":75}},"32":{"start":{"line":81,"column":8},"end":{"line":81,"column":87}},"33":{"start":{"line":81,"column":47},"end":{"line":81,"column":85}},"34":{"start":{"line":83,"column":8},"end":{"line":83,"column":87}},"35":{"start":{"line":83,"column":47},"end":{"line":83,"column":85}},"36":{"start":{"line":85,"column":8},"end":{"line":85,"column":87}},"37":{"start":{"line":85,"column":47},"end":{"line":85,"column":85}},"38":{"start":{"line":87,"column":8},"end":{"line":87,"column":27}},"39":{"start":{"line":90,"column":21},"end":{"line":90,"column":38}},"40":{"start":{"line":93,"column":24},"end":{"line":97,"column":4}},"41":{"start":{"line":94,"column":4},"end":{"line":94,"column":41}},"42":{"start":{"line":96,"column":4},"end":{"line":96,"column":49}},"43":{"start":{"line":99,"column":2},"end":{"line":119,"column":3}},"44":{"start":{"line":103,"column":112},"end":{"line":103,"column":137}},"45":{"start":{"line":109,"column":14},"end":{"line":109,"column":59}}},"fnMap":{"0":{"name":"(anonymous_0)","decl":{"start":{"line":12,"column":13},"end":{"line":12,"column":14}},"loc":{"start":{"line":12,"column":19},"end":{"line":120,"column":1}},"line":12},"1":{"name":"(anonymous_1)","decl":{"start":{"line":21,"column":12},"end":{"line":21,"column":13}},"loc":{"start":{"line":21,"column":18},"end":{"line":41,"column":3}},"line":21},"2":{"name":"(anonymous_2)","decl":{"start":{"line":22,"column":27},"end":{"line":22,"column":28}},"loc":{"start":{"line":22,"column":39},"end":{"line":38,"column":7}},"line":22},"3":{"name":"(anonymous_3)","decl":{"start":{"line":46,"column":25},"end":{"line":46,"column":26}},"loc":{"start":{"line":46,"column":32},"end":{"line":49,"column":3}},"line":46},"4":{"name":"(anonymous_4)","decl":{"start":{"line":53,"column":71},"end":{"line":53,"column":72}},"loc":{"start":{"line":53,"column":78},"end":{"line":53,"column":95}},"line":53},"5":{"name":"getFilteredData","decl":{"start":{"line":66,"column":11},"end":{"line":66,"column":26}},"loc":{"start":{"line":66,"column":29},"end":{"line":89,"column":3}},"line":66},"6":{"name":"(anonymous_6)","decl":{"start":{"line":71,"column":34},"end":{"line":71,"column":35}},"loc":{"start":{"line":71,"column":44},"end":{"line":71,"column":78}},"line":71},"7":{"name":"(anonymous_7)","decl":{"start":{"line":73,"column":34},"end":{"line":73,"column":35}},"loc":{"start":{"line":73,"column":47},"end":{"line":73,"column":74}},"line":73},"8":{"name":"(anonymous_8)","decl":{"start":{"line":75,"column":34},"end":{"line":75,"column":35}},"loc":{"start":{"line":75,"column":47},"end":{"line":75,"column":76}},"line":75},"9":{"name":"(anonymous_9)","decl":{"start":{"line":77,"column":34},"end":{"line":77,"column":35}},"loc":{"start":{"line":77,"column":47},"end":{"line":77,"column":76}},"line":77},"10":{"name":"(anonymous_10)","decl":{"start":{"line":79,"column":34},"end":{"line":79,"column":35}},"loc":{"start":{"line":79,"column":47},"end":{"line":79,"column":75}},"line":79},"11":{"name":"(anonymous_11)","decl":{"start":{"line":81,"column":34},"end":{"line":81,"column":35}},"loc":{"start":{"line":81,"column":47},"end":{"line":81,"column":85}},"line":81},"12":{"name":"(anonymous_12)","decl":{"start":{"line":83,"column":34},"end":{"line":83,"column":35}},"loc":{"start":{"line":83,"column":47},"end":{"line":83,"column":85}},"line":83},"13":{"name":"(anonymous_13)","decl":{"start":{"line":85,"column":34},"end":{"line":85,"column":35}},"loc":{"start":{"line":85,"column":47},"end":{"line":85,"column":85}},"line":85},"14":{"name":"(anonymous_14)","decl":{"start":{"line":93,"column":44},"end":{"line":93,"column":45}},"loc":{"start":{"line":93,"column":55},"end":{"line":95,"column":3}},"line":93},"15":{"name":"(anonymous_15)","decl":{"start":{"line":95,"column":10},"end":{"line":95,"column":11}},"loc":{"start":{"line":95,"column":27},"end":{"line":97,"column":3}},"line":95},"16":{"name":"(anonymous_16)","decl":{"start":{"line":103,"column":107},"end":{"line":103,"column":108}},"loc":{"start":{"line":103,"column":112},"end":{"line":103,"column":137}},"line":103},"17":{"name":"(anonymous_17)","decl":{"start":{"line":108,"column":50},"end":{"line":108,"column":51}},"loc":{"start":{"line":108,"column":67},"end":{"line":110,"column":13}},"line":108}},"branchMap":{"0":{"loc":{"start":{"line":67,"column":4},"end":{"line":88,"column":5}},"type":"switch","locations":[{"start":{"line":68,"column":6},"end":{"line":69,"column":27}},{"start":{"line":70,"column":6},"end":{"line":71,"column":80}},{"start":{"line":72,"column":6},"end":{"line":73,"column":76}},{"start":{"line":74,"column":6},"end":{"line":75,"column":78}},{"start":{"line":76,"column":6},"end":{"line":77,"column":78}},{"start":{"line":78,"column":6},"end":{"line":79,"column":77}},{"start":{"line":80,"column":6},"end":{"line":81,"column":87}},{"start":{"line":82,"column":6},"end":{"line":83,"column":87}},{"start":{"line":84,"column":6},"end":{"line":85,"column":87}},{"start":{"line":86,"column":6},"end":{"line":87,"column":27}}],"line":67},"1":{"loc":{"start":{"line":108,"column":13},"end":{"line":110,"column":30}},"type":"cond-expr","locations":[{"start":{"line":108,"column":33},"end":{"line":110,"column":14}},{"start":{"line":110,"column":17},"end":{"line":110,"column":30}}],"line":108}},"s":{"0":1,"1":5,"2":0,"3":0,"4":0,"5":0,"6":0,"7":0,"8":0,"9":0,"10":0,"11":0,"12":0,"13":0,"14":0,"15":0,"16":0,"17":0,"18":0,"19":0,"20":0,"21":0,"22":0,"23":0,"24":0,"25":0,"26":0,"27":0,"28":0,"29":0,"30":0,"31":0,"32":0,"33":0,"34":0,"35":0,"36":0,"37":0,"38":0,"39":0,"40":0,"41":0,"42":0,"43":0,"44":0,"45":0},"f":{"0":5,"1":0,"2":0,"3":0,"4":0,"5":0,"6":0,"7":0,"8":0,"9":0,"10":0,"11":0,"12":0,"13":0,"14":0,"15":0,"16":0,"17":0},"b":{"0":[0,0,0,0,0,0,0,0,0,0],"1":[0,0]},"_coverageSchema":"1a1c01bbd47fc00a2c39e90264f33305004495a9","hash":"97130db0629cdab3ad5b4f9868580b499955c2db"}
}
