TN:
SF:frontend/src/components/Cart.jsx
FN:7,(anonymous_0)
FN:8,(anonymous_1)
FN:15,(anonymous_2)
FN:20,(anonymous_3)
FN:26,(anonymous_4)
FN:33,(anonymous_5)
FN:42,(anonymous_6)
FN:44,(anonymous_7)
FN:64,(anonymous_8)
FN:72,(anonymous_9)
FN:73,(anonymous_10)
FN:74,(anonymous_11)
FNF:12
FNH:0
FNDA:0,(anonymous_0)
FNDA:0,(anonymous_1)
FNDA:0,(anonymous_2)
FNDA:0,(anonymous_3)
FNDA:0,(anonymous_4)
FNDA:0,(anonymous_5)
FNDA:0,(anonymous_6)
FNDA:0,(anonymous_7)
FNDA:0,(anonymous_8)
FNDA:0,(anonymous_9)
FNDA:0,(anonymous_10)
FNDA:0,(anonymous_11)
DA:7,1
DA:8,0
DA:9,0
DA:13,0
DA:15,0
DA:16,0
DA:20,0
DA:21,0
DA:26,0
DA:27,0
DA:33,0
DA:34,0
DA:35,0
DA:42,0
DA:43,0
DA:44,0
DA:45,0
DA:49,0
DA:65,0
DA:72,0
DA:73,0
DA:74,0
LF:22
LH:1
BRDA:34,0,0,0
BRDA:34,0,1,0
BRF:2
BRH:0
end_of_record
TN:
SF:frontend/src/components/Layout.jsx
FN:20,(anonymous_0)
FN:21,(anonymous_1)
FN:26,(anonymous_2)
FN:30,(anonymous_3)
FN:43,(anonymous_4)
FN:63,(anonymous_5)
FNF:6
FNH:0
FNDA:0,(anonymous_0)
FNDA:0,(anonymous_1)
FNDA:0,(anonymous_2)
FNDA:0,(anonymous_3)
FNDA:0,(anonymous_4)
FNDA:0,(anonymous_5)
DA:18,1
DA:20,1
DA:21,0
DA:23,0
DA:24,0
DA:26,0
DA:27,0
DA:30,0
DA:31,0
DA:36,0
DA:43,0
DA:63,0
LF:12
LH:2
BRDA:77,0,0,0
BRDA:77,0,1,0
BRF:2
BRH:0
end_of_record
TN:
SF:frontend/src/components/Product.jsx
FN:5,(anonymous_0)
FN:9,(anonymous_1)
FN:23,(anonymous_2)
FNF:3
FNH:0
FNDA:0,(anonymous_0)
FNDA:0,(anonymous_1)
FNDA:0,(anonymous_2)
DA:5,1
DA:6,0
DA:7,0
DA:9,0
DA:10,0
DA:16,0
DA:23,0
LF:7
LH:1
BRF:0
BRH:0
end_of_record
TN:
SF:frontend/src/components/Spinner.jsx
FN:3,(anonymous_0)
FNF:1
FNH:0
FNDA:0,(anonymous_0)
DA:3,1
DA:4,0
LF:2
LH:1
BRF:0
BRH:0
end_of_record
TN:
SF:frontend/src/pages/home/Home.jsx
FN:12,(anonymous_0)
FN:21,(anonymous_1)
FN:22,(anonymous_2)
FN:46,(anonymous_3)
FN:53,(anonymous_4)
FN:66,getFilteredData
FN:71,(anonymous_6)
FN:73,(anonymous_7)
FN:75,(anonymous_8)
FN:77,(anonymous_9)
FN:79,(anonymous_10)
FN:81,(anonymous_11)
FN:83,(anonymous_12)
FN:85,(anonymous_13)
FN:93,(anonymous_14)
FN:95,(anonymous_15)
FN:103,(anonymous_16)
FN:108,(anonymous_17)
FNF:18
FNH:1
FNDA:5,(anonymous_0)
FNDA:0,(anonymous_1)
FNDA:0,(anonymous_2)
FNDA:0,(anonymous_3)
FNDA:0,(anonymous_4)
FNDA:0,getFilteredData
FNDA:0,(anonymous_6)
FNDA:0,(anonymous_7)
FNDA:0,(anonymous_8)
FNDA:0,(anonymous_9)
FNDA:0,(anonymous_10)
FNDA:0,(anonymous_11)
FNDA:0,(anonymous_12)
FNDA:0,(anonymous_13)
FNDA:0,(anonymous_14)
FNDA:0,(anonymous_15)
FNDA:0,(anonymous_16)
FNDA:0,(anonymous_17)
DA:12,1
DA:14,5
DA:16,0
DA:17,0
DA:19,0
DA:21,0
DA:22,0
DA:23,0
DA:24,0
DA:27,0
DA:28,0
DA:30,0
DA:36,0
DA:40,0
DA:46,0
DA:47,0
DA:48,0
DA:51,0
DA:53,0
DA:67,0
DA:69,0
DA:71,0
DA:73,0
DA:75,0
DA:77,0
DA:79,0
DA:81,0
DA:83,0
DA:85,0
DA:87,0
DA:90,0
DA:93,0
DA:94,0
DA:96,0
DA:99,0
DA:103,0
DA:109,0
LF:37
LH:2
BRDA:67,0,0,0
BRDA:67,0,1,0
BRDA:67,0,2,0
BRDA:67,0,3,0
BRDA:67,0,4,0
BRDA:67,0,5,0
BRDA:67,0,6,0
BRDA:67,0,7,0
BRDA:67,0,8,0
BRDA:67,0,9,0
BRDA:108,1,0,0
BRDA:108,1,1,0
BRF:12
BRH:0
end_of_record
